<?xml version="1.0" encoding="UTF-8"?>
<testsuite name="LibraryTest" tests="3" skipped="0" failures="0" errors="0" timestamp="2015-08-06T16:28:34" hostname="mfreyre.local" time="0.161">
  <properties/>
  <testcase name="shouldListNothingWhenLibraryCreatedWithNoBooks" classname="LibraryTest" time="0.133"/>
  <testcase name="shouldListAllBooksWhenLibraryCreatedWithBooks" classname="LibraryTest" time="0.022"/>
  <testcase name="shouldProduceWelcomeWhenOpen" classname="LibraryTest" time="0.004"/>
  <system-out><![CDATA[]]></system-out>
  <system-err><![CDATA[]]></system-err>
</testsuite>
