<?xml version="1.0" encoding="UTF-8"?>
<testsuite name="LibraryTest" tests="3" skipped="0" failures="0" errors="0" timestamp="2015-08-07T16:16:03" hostname="mfreyre.local" time="0.17">
  <properties/>
  <testcase name="shouldListNothingWhenLibraryCreatedWithNoBooks" classname="LibraryTest" time="0.146"/>
  <testcase name="shouldListAllBooksWhenLibraryCreatedWithBooks" classname="LibraryTest" time="0.021"/>
  <testcase name="shouldProduceWelcomeWhenOpen" classname="LibraryTest" time="0.003"/>
  <system-out><![CDATA[]]></system-out>
  <system-err><![CDATA[]]></system-err>
</testsuite>
